{"C:\\codigos\\Projeto-Integrado-Arquitetura-Jest\\enviarWhatsapp.js": {"path":"C:\\codigos\\Projeto-Integrado-Arquitetura-Jest\\enviarWhatsapp.js","statementMap":{"0":{"start":{"line":3,"column":4},"end":{"line":3,"column":98}},"1":{"start":{"line":4,"column":4},"end":{"line":4,"column":16}},"2":{"start":{"line":7,"column":0},"end":{"line":7,"column":35}}},"fnMap":{"0":{"name":"enviarMensagemReal","decl":{"start":{"line":1,"column":9},"end":{"line":1,"column":27}},"loc":{"start":{"line":1,"column":49},"end":{"line":5,"column":1}},"line":1}},"branchMap":{},"s":{"0":0,"1":0,"2":1},"f":{"0":0},"b":{},"_coverageSchema":"1a1c01bbd47fc00a2c39e90264f33305004495a9","hash":"2cb98ec3d4d2a3deef281b4521319b20cb85c90b"}
,"C:\\codigos\\Projeto-Integrado-Arquitetura-Jest\\orcamento.js": {"path":"C:\\codigos\\Projeto-Integrado-Arquitetura-Jest\\orcamento.js","statementMap":{"0":{"start":{"line":1,"column":23},"end":{"line":1,"column":50}},"1":{"start":{"line":4,"column":30},"end":{"line":4,"column":34}},"2":{"start":{"line":5,"column":27},"end":{"line":5,"column":31}},"3":{"start":{"line":8,"column":4},"end":{"line":10,"column":5}},"4":{"start":{"line":9,"column":8},"end":{"line":9,"column":58}},"5":{"start":{"line":13,"column":4},"end":{"line":15,"column":5}},"6":{"start":{"line":14,"column":8},"end":{"line":14,"column":41}},"7":{"start":{"line":18,"column":21},"end":{"line":18,"column":48}},"8":{"start":{"line":19,"column":29},"end":{"line":19,"column":61}},"9":{"start":{"line":20,"column":20},"end":{"line":20,"column":56}},"10":{"start":{"line":21,"column":23},"end":{"line":21,"column":49}},"11":{"start":{"line":24,"column":25},"end":{"line":24,"column":41}},"12":{"start":{"line":25,"column":4},"end":{"line":28,"column":5}},"13":{"start":{"line":26,"column":29},"end":{"line":26,"column":72}},"14":{"start":{"line":27,"column":8},"end":{"line":27,"column":78}},"15":{"start":{"line":30,"column":4},"end":{"line":36,"column":5}},"16":{"start":{"line":39,"column":0},"end":{"line":39,"column":35}}},"fnMap":{"0":{"name":"calcularOrcamento","decl":{"start":{"line":3,"column":9},"end":{"line":3,"column":26}},"loc":{"start":{"line":3,"column":89},"end":{"line":37,"column":1}},"line":3}},"branchMap":{"0":{"loc":{"start":{"line":3,"column":65},"end":{"line":3,"column":87}},"type":"default-arg","locations":[{"start":{"line":3,"column":83},"end":{"line":3,"column":87}}],"line":3},"1":{"loc":{"start":{"line":8,"column":4},"end":{"line":10,"column":5}},"type":"if","locations":[{"start":{"line":8,"column":4},"end":{"line":10,"column":5}},{"start":{},"end":{}}],"line":8},"2":{"loc":{"start":{"line":13,"column":4},"end":{"line":15,"column":5}},"type":"if","locations":[{"start":{"line":13,"column":4},"end":{"line":15,"column":5}},{"start":{},"end":{}}],"line":13},"3":{"loc":{"start":{"line":13,"column":8},"end":{"line":13,"column":60}},"type":"binary-expr","locations":[{"start":{"line":13,"column":8},"end":{"line":13,"column":22}},{"start":{"line":13,"column":26},"end":{"line":13,"column":44}},{"start":{"line":13,"column":48},"end":{"line":13,"column":60}}],"line":13},"4":{"loc":{"start":{"line":25,"column":4},"end":{"line":28,"column":5}},"type":"if","locations":[{"start":{"line":25,"column":4},"end":{"line":28,"column":5}},{"start":{},"end":{}}],"line":25},"5":{"loc":{"start":{"line":27,"column":25},"end":{"line":27,"column":77}},"type":"cond-expr","locations":[{"start":{"line":27,"column":40},"end":{"line":27,"column":58}},{"start":{"line":27,"column":61},"end":{"line":27,"column":77}}],"line":27}},"s":{"0":1,"1":8,"2":8,"3":8,"4":1,"5":7,"6":3,"7":4,"8":4,"9":4,"10":4,"11":4,"12":4,"13":2,"14":2,"15":4,"16":1},"f":{"0":8},"b":{"0":[6],"1":[1,7],"2":[3,4],"3":[7,6,5],"4":[2,2],"5":[1,1]},"_coverageSchema":"1a1c01bbd47fc00a2c39e90264f33305004495a9","hash":"1f0c3a25ef7281746ee9780ec5956a1b0467f437"}
}
