TN:
SF:enviarWhatsapp.js
FN:1,enviarMensagemReal
FNF:1
FNH:0
FNDA:0,enviarMensagemReal
DA:3,0
DA:4,0
DA:7,1
LF:3
LH:1
BRF:0
BRH:0
end_of_record
TN:
SF:orcamento.js
FN:3,calcularOrcamento
FNF:1
FNH:1
FNDA:8,calcularOrcamento
DA:1,1
DA:4,8
DA:5,8
DA:8,8
DA:9,1
DA:13,7
DA:14,3
DA:18,4
DA:19,4
DA:20,4
DA:21,4
DA:24,4
DA:25,4
DA:26,2
DA:27,2
DA:30,4
DA:39,1
LF:17
LH:17
BRDA:3,0,0,6
BRDA:8,1,0,1
BRDA:8,1,1,7
BRDA:13,2,0,3
BRDA:13,2,1,4
BRDA:13,3,0,7
BRDA:13,3,1,6
BRDA:13,3,2,5
BRDA:25,4,0,2
BRDA:25,4,1,2
BRDA:27,5,0,1
BRDA:27,5,1,1
BRF:12
BRH:12
end_of_record
